<?xml version="1.0" encoding="UTF-8"?>
<coverage generated="1689997248130" clover="3.2.0">
  <project timestamp="1689997248130" name="All files">
    <metrics statements="76" coveredstatements="72" conditionals="30" coveredconditionals="30" methods="10" coveredmethods="8" elements="116" coveredelements="110" complexity="0" loc="76" ncloc="76" packages="3" files="5" classes="5"/>
    <package name="Assignment7">
      <metrics statements="3" coveredstatements="3" conditionals="0" coveredconditionals="0" methods="1" coveredmethods="1"/>
      <file name="App.js" path="/Users/fernandoortiz/Desktop/CSE118Summer/Assignment7/Assignment7/App.js">
        <metrics statements="3" coveredstatements="3" conditionals="0" coveredconditionals="0" methods="1" coveredmethods="1"/>
        <line num="18" count="1" type="stmt"/>
        <line num="19" count="2" type="stmt"/>
        <line num="28" count="1" type="stmt"/>
      </file>
    </package>
    <package name="Assignment7.src.Logic">
      <metrics statements="52" coveredstatements="51" conditionals="30" coveredconditionals="30" methods="2" coveredmethods="1"/>
      <file name="CalendarGenerator.js" path="/Users/fernandoortiz/Desktop/CSE118Summer/Assignment7/Assignment7/src/Logic/CalendarGenerator.js">
        <metrics statements="1" coveredstatements="0" conditionals="0" coveredconditionals="0" methods="1" coveredmethods="0"/>
        <line num="14" count="0" type="stmt"/>
      </file>
      <file name="PostfixCalculator.js" path="/Users/fernandoortiz/Desktop/CSE118Summer/Assignment7/Assignment7/src/Logic/PostfixCalculator.js">
        <metrics statements="51" coveredstatements="51" conditionals="30" coveredconditionals="30" methods="1" coveredmethods="1"/>
        <line num="15" count="19" type="stmt"/>
        <line num="16" count="19" type="stmt"/>
        <line num="17" count="19" type="stmt"/>
        <line num="18" count="19" type="stmt"/>
        <line num="19" count="19" type="stmt"/>
        <line num="20" count="19" type="stmt"/>
        <line num="21" count="19" type="stmt"/>
        <line num="22" count="52" type="cond" truecount="6" falsecount="0"/>
        <line num="24" count="6" type="stmt"/>
        <line num="25" count="6" type="stmt"/>
        <line num="27" count="6" type="cond" truecount="4" falsecount="0"/>
        <line num="28" count="2" type="stmt"/>
        <line num="30" count="4" type="stmt"/>
        <line num="31" count="4" type="stmt"/>
        <line num="32" count="4" type="stmt"/>
        <line num="34" count="2" type="stmt"/>
        <line num="35" count="2" type="stmt"/>
        <line num="36" count="2" type="cond" truecount="4" falsecount="0"/>
        <line num="37" count="1" type="stmt"/>
        <line num="39" count="1" type="stmt"/>
        <line num="40" count="1" type="stmt"/>
        <line num="41" count="1" type="stmt"/>
        <line num="44" count="3" type="stmt"/>
        <line num="45" count="3" type="stmt"/>
        <line num="46" count="3" type="cond" truecount="4" falsecount="0"/>
        <line num="47" count="1" type="stmt"/>
        <line num="49" count="2" type="stmt"/>
        <line num="50" count="2" type="stmt"/>
        <line num="51" count="2" type="stmt"/>
        <line num="53" count="3" type="stmt"/>
        <line num="54" count="3" type="stmt"/>
        <line num="55" count="3" type="cond" truecount="4" falsecount="0"/>
        <line num="56" count="1" type="stmt"/>
        <line num="58" count="2" type="stmt"/>
        <line num="59" count="2" type="stmt"/>
        <line num="60" count="2" type="stmt"/>
        <line num="62" count="3" type="stmt"/>
        <line num="63" count="3" type="stmt"/>
        <line num="64" count="3" type="cond" truecount="4" falsecount="0"/>
        <line num="65" count="1" type="stmt"/>
        <line num="67" count="2" type="stmt"/>
        <line num="68" count="2" type="stmt"/>
        <line num="69" count="2" type="stmt"/>
        <line num="71" count="35" type="cond" truecount="2" falsecount="0"/>
        <line num="72" count="2" type="stmt"/>
        <line num="74" count="33" type="stmt"/>
        <line num="75" count="33" type="stmt"/>
        <line num="77" count="44" type="stmt"/>
        <line num="79" count="11" type="cond" truecount="2" falsecount="0"/>
        <line num="80" count="1" type="stmt"/>
        <line num="82" count="10" type="stmt"/>
      </file>
    </package>
    <package name="Assignment7.src.UI">
      <metrics statements="21" coveredstatements="18" conditionals="0" coveredconditionals="0" methods="7" coveredmethods="6"/>
      <file name="CalendarGeneratorView.js" path="/Users/fernandoortiz/Desktop/CSE118Summer/Assignment7/Assignment7/src/UI/CalendarGeneratorView.js">
        <metrics statements="7" coveredstatements="4" conditionals="0" coveredconditionals="0" methods="2" coveredmethods="1"/>
        <line num="13" count="1" type="stmt"/>
        <line num="14" count="2" type="stmt"/>
        <line num="16" count="1" type="stmt"/>
        <line num="17" count="0" type="stmt"/>
        <line num="18" count="0" type="stmt"/>
        <line num="20" count="0" type="stmt"/>
        <line num="25" count="1" type="stmt"/>
      </file>
      <file name="PostfixCalculatorView.js" path="/Users/fernandoortiz/Desktop/CSE118Summer/Assignment7/Assignment7/src/UI/PostfixCalculatorView.js">
        <metrics statements="14" coveredstatements="14" conditionals="0" coveredconditionals="0" methods="5" coveredmethods="5"/>
        <line num="13" count="2" type="stmt"/>
        <line num="14" count="14" type="stmt"/>
        <line num="15" count="14" type="stmt"/>
        <line num="17" count="14" type="stmt"/>
        <line num="18" count="4" type="stmt"/>
        <line num="19" count="4" type="stmt"/>
        <line num="21" count="2" type="stmt"/>
        <line num="25" count="14" type="stmt"/>
        <line num="26" count="1" type="stmt"/>
        <line num="27" count="1" type="stmt"/>
        <line num="30" count="14" type="stmt"/>
        <line num="54" count="4" type="stmt"/>
        <line num="59" count="1" type="stmt"/>
        <line num="67" count="2" type="stmt"/>
      </file>
    </package>
  </project>
</coverage>
