TN:
SF:App.js
FN:18,(anonymous_0)
FNF:1
FNH:1
FNDA:2,(anonymous_0)
DA:18,1
DA:19,2
DA:28,1
LF:3
LH:3
BRF:0
BRH:0
end_of_record
TN:
SF:src/Logic/CalendarGenerator.js
FN:13,(anonymous_0)
FNF:1
FNH:0
FNDA:0,(anonymous_0)
DA:14,0
LF:1
LH:0
BRF:0
BRH:0
end_of_record
TN:
SF:src/Logic/PostfixCalculator.js
FN:14,(anonymous_0)
FNF:1
FNH:1
FNDA:19,(anonymous_0)
DA:15,19
DA:16,19
DA:17,19
DA:18,19
DA:19,19
DA:20,19
DA:21,19
DA:22,52
DA:24,6
DA:25,6
DA:27,6
DA:28,2
DA:30,4
DA:31,4
DA:32,4
DA:34,2
DA:35,2
DA:36,2
DA:37,1
DA:39,1
DA:40,1
DA:41,1
DA:44,3
DA:45,3
DA:46,3
DA:47,1
DA:49,2
DA:50,2
DA:51,2
DA:53,3
DA:54,3
DA:55,3
DA:56,1
DA:58,2
DA:59,2
DA:60,2
DA:62,3
DA:63,3
DA:64,3
DA:65,1
DA:67,2
DA:68,2
DA:69,2
DA:71,35
DA:72,2
DA:74,33
DA:75,33
DA:77,44
DA:79,11
DA:80,1
DA:82,10
LF:51
LH:51
BRDA:22,0,0,6
BRDA:22,0,1,2
BRDA:22,0,2,3
BRDA:22,0,3,3
BRDA:22,0,4,3
BRDA:22,0,5,35
BRDA:27,1,0,2
BRDA:27,1,1,4
BRDA:27,2,0,6
BRDA:27,2,1,4
BRDA:36,3,0,1
BRDA:36,3,1,1
BRDA:36,4,0,2
BRDA:36,4,1,1
BRDA:46,5,0,1
BRDA:46,5,1,2
BRDA:46,6,0,3
BRDA:46,6,1,2
BRDA:55,7,0,1
BRDA:55,7,1,2
BRDA:55,8,0,3
BRDA:55,8,1,2
BRDA:64,9,0,1
BRDA:64,9,1,2
BRDA:64,10,0,3
BRDA:64,10,1,2
BRDA:71,11,0,2
BRDA:71,11,1,33
BRDA:79,12,0,1
BRDA:79,12,1,10
BRF:30
BRH:30
end_of_record
TN:
SF:src/UI/CalendarGeneratorView.js
FN:13,(anonymous_0)
FN:16,(anonymous_1)
FNF:2
FNH:1
FNDA:2,(anonymous_0)
FNDA:0,(anonymous_1)
DA:13,1
DA:14,2
DA:16,1
DA:17,0
DA:18,0
DA:20,0
DA:25,1
LF:7
LH:4
BRF:0
BRH:0
end_of_record
TN:
SF:src/UI/PostfixCalculatorView.js
FN:13,(anonymous_0)
FN:17,(anonymous_1)
FN:25,(anonymous_2)
FN:54,(anonymous_3)
FN:59,(anonymous_4)
FNF:5
FNH:5
FNDA:14,(anonymous_0)
FNDA:4,(anonymous_1)
FNDA:1,(anonymous_2)
FNDA:4,(anonymous_3)
FNDA:1,(anonymous_4)
DA:13,2
DA:14,14
DA:15,14
DA:17,14
DA:18,4
DA:19,4
DA:21,2
DA:25,14
DA:26,1
DA:27,1
DA:30,14
DA:54,4
DA:59,1
DA:67,2
LF:14
LH:14
BRF:0
BRH:0
end_of_record
